<?xml version="1.0" encoding="UTF-8"?>
<!-- Generated by org.testng.reporters.JUnitReportReporter -->
<testsuite skipped="0" hostname="DESKTOP-H8C69V7" name="AdminPanelTests.Admin_Users" tests="1" failures="0" timestamp="2021-05-03T13:39:55 BDT" time="18.915" errors="0">
  <testcase name="HelloWorld" time="18.915" classname="AdminPanelTests.Admin_Users"/>
  <system-out/>
</testsuite> <!-- AdminPanelTests.Admin_Users -->
